<?xml version="1.0" encoding="UTF-8"?>
<!-- Generated by org.testng.reporters.JUnitReportReporter -->
<testsuite hostname="dell-pc" name="testcases.AdditionScenarios" tests="2" failures="0" timestamp="24 Jan 2021 02:20:23 GMT" time="22.008" errors="0">
  <testcase name="addition_three_Numbers" time="13.731" classname="testcases.AdditionScenarios"/>
  <testcase name="verifyAddition_Two_Numbers" time="8.277" classname="testcases.AdditionScenarios"/>
</testsuite> <!-- testcases.AdditionScenarios -->
